<!DOCTYPE html>

<html>
  <head>
  <meta charset='utf-8'>
  <title>TestNG reports</title>

    <link type="text/css" href="testng-reports.css" rel="stylesheet" />
    <script type="text/javascript" src="jquery-1.7.1.min.js"></script>
    <script type="text/javascript" src="testng-reports.js"></script>
    <script type="text/javascript" src="https://www.google.com/jsapi"></script>
    <script type='text/javascript'>
      google.load('visualization', '1', {packages:['table']});
      google.setOnLoadCallback(drawTable);
      var suiteTableInitFunctions = new Array();
      var suiteTableData = new Array();
    </script>
    <!--
      <script type="text/javascript" src="jquery-ui/js/jquery-ui-1.8.16.custom.min.js"></script>
     -->
  </head>

  <body>
    <div class="top-banner-root">
      <span class="top-banner-title-font">Test results</span>
      <br/>
      <span class="top-banner-font-1">1 suite, 4 failed tests</span>
    </div> <!-- top-banner-root -->
    <div class="navigator-root">
      <div class="navigator-suite-header">
        <span>All suites</span>
        <a href="#" class="collapse-all-link" title="Collapse/expand all the suites">
          <img class="collapse-all-icon" src="collapseall.gif">
          </img> <!-- collapse-all-icon -->
        </a> <!-- collapse-all-link -->
      </div> <!-- navigator-suite-header -->
      <div class="suite">
        <div class="rounded-window">
          <div class="suite-header light-rounded-window-top">
            <a href="#" class="navigator-link" panel-name="suite-book-flight-module">
              <span class="suite-name border-failed">book-flight-module</span>
            </a> <!-- navigator-link -->
          </div> <!-- suite-header light-rounded-window-top -->
          <div class="navigator-suite-content">
            <div class="suite-section-title">
              <span>Info</span>
            </div> <!-- suite-section-title -->
            <div class="suite-section-content">
              <ul>
                <li>
                  <a href="#" class="navigator-link " panel-name="test-xml-book-flight-module">
                    <span>book-flight-module.xml</span>
                  </a> <!-- navigator-link  -->
                </li>
                <li>
                  <a href="#" class="navigator-link " panel-name="testlist-book-flight-module">
                    <span class="test-stats">4 tests</span>
                  </a> <!-- navigator-link  -->
                </li>
                <li>
                  <a href="#" class="navigator-link " panel-name="group-book-flight-module">
                    <span>0 groups</span>
                  </a> <!-- navigator-link  -->
                </li>
                <li>
                  <a href="#" class="navigator-link " panel-name="times-book-flight-module">
                    <span>Times</span>
                  </a> <!-- navigator-link  -->
                </li>
                <li>
                  <a href="#" class="navigator-link " panel-name="reporter-book-flight-module">
                    <span>Reporter output</span>
                  </a> <!-- navigator-link  -->
                </li>
                <li>
                  <a href="#" class="navigator-link " panel-name="ignored-methods-book-flight-module">
                    <span>Ignored methods</span>
                  </a> <!-- navigator-link  -->
                </li>
                <li>
                  <a href="#" class="navigator-link " panel-name="chronological-book-flight-module">
                    <span>Chronological view</span>
                  </a> <!-- navigator-link  -->
                </li>
              </ul>
            </div> <!-- suite-section-content -->
            <div class="result-section">
              <div class="suite-section-title">
                <span>Results</span>
              </div> <!-- suite-section-title -->
              <div class="suite-section-content">
                <ul>
                  <li>
                    <span class="method-stats">20 methods, 4 failed,  16 skipped,  </span>
                  </li>
                  <li>
                    <span class="method-list-title failed">Failed methods</span>
                    <span class="show-or-hide-methods failed">
                      <a href="#" panel-name="suite-book-flight-module" class="hide-methods failed suite-book-flight-module"> (hide)</a> <!-- hide-methods failed suite-book-flight-module -->
                      <a href="#" panel-name="suite-book-flight-module" class="show-methods failed suite-book-flight-module"> (show)</a> <!-- show-methods failed suite-book-flight-module -->
                    </span>
                    <div class="method-list-content failed suite-book-flight-module">
                      <span>
                        <img width="3%" src="failed.png"/>
                        <a href="#" class="method navigator-link" panel-name="suite-book-flight-module" title="com.newtours.tests.BookFlightTest" hash-for-method="registrationPage">registrationPage</a> <!-- method navigator-link -->
                      </span>
                      <br/>
                      <span>
                        <img width="3%" src="failed.png"/>
                        <a href="#" class="method navigator-link" panel-name="suite-book-flight-module" title="com.newtours.tests.BookFlightTest" hash-for-method="registrationPage">registrationPage</a> <!-- method navigator-link -->
                      </span>
                      <br/>
                      <span>
                        <img width="3%" src="failed.png"/>
                        <a href="#" class="method navigator-link" panel-name="suite-book-flight-module" title="com.newtours.tests.BookFlightTest" hash-for-method="registrationPage">registrationPage</a> <!-- method navigator-link -->
                      </span>
                      <br/>
                      <span>
                        <img width="3%" src="failed.png"/>
                        <a href="#" class="method navigator-link" panel-name="suite-book-flight-module" title="com.newtours.tests.BookFlightTest" hash-for-method="registrationPage">registrationPage</a> <!-- method navigator-link -->
                      </span>
                      <br/>
                    </div> <!-- method-list-content failed suite-book-flight-module -->
                  </li>
                  <li>
                    <span class="method-list-title skipped">Skipped methods</span>
                    <span class="show-or-hide-methods skipped">
                      <a href="#" panel-name="suite-book-flight-module" class="hide-methods skipped suite-book-flight-module"> (hide)</a> <!-- hide-methods skipped suite-book-flight-module -->
                      <a href="#" panel-name="suite-book-flight-module" class="show-methods skipped suite-book-flight-module"> (show)</a> <!-- show-methods skipped suite-book-flight-module -->
                    </span>
                    <div class="method-list-content skipped suite-book-flight-module">
                      <span>
                        <img width="3%" src="skipped.png"/>
                        <a href="#" class="method navigator-link" panel-name="suite-book-flight-module" title="com.newtours.tests.BookFlightTest" hash-for-method="findFlightPage">findFlightPage</a> <!-- method navigator-link -->
                      </span>
                      <br/>
                      <span>
                        <img width="3%" src="skipped.png"/>
                        <a href="#" class="method navigator-link" panel-name="suite-book-flight-module" title="com.newtours.tests.BookFlightTest" hash-for-method="findFlightPage">findFlightPage</a> <!-- method navigator-link -->
                      </span>
                      <br/>
                      <span>
                        <img width="3%" src="skipped.png"/>
                        <a href="#" class="method navigator-link" panel-name="suite-book-flight-module" title="com.newtours.tests.BookFlightTest" hash-for-method="findFlightPage">findFlightPage</a> <!-- method navigator-link -->
                      </span>
                      <br/>
                      <span>
                        <img width="3%" src="skipped.png"/>
                        <a href="#" class="method navigator-link" panel-name="suite-book-flight-module" title="com.newtours.tests.BookFlightTest" hash-for-method="findFlightPage">findFlightPage</a> <!-- method navigator-link -->
                      </span>
                      <br/>
                      <span>
                        <img width="3%" src="skipped.png"/>
                        <a href="#" class="method navigator-link" panel-name="suite-book-flight-module" title="com.newtours.tests.BookFlightTest" hash-for-method="flightConfirmationPage">flightConfirmationPage</a> <!-- method navigator-link -->
                      </span>
                      <br/>
                      <span>
                        <img width="3%" src="skipped.png"/>
                        <a href="#" class="method navigator-link" panel-name="suite-book-flight-module" title="com.newtours.tests.BookFlightTest" hash-for-method="flightConfirmationPage">flightConfirmationPage</a> <!-- method navigator-link -->
                      </span>
                      <br/>
                      <span>
                        <img width="3%" src="skipped.png"/>
                        <a href="#" class="method navigator-link" panel-name="suite-book-flight-module" title="com.newtours.tests.BookFlightTest" hash-for-method="flightConfirmationPage">flightConfirmationPage</a> <!-- method navigator-link -->
                      </span>
                      <br/>
                      <span>
                        <img width="3%" src="skipped.png"/>
                        <a href="#" class="method navigator-link" panel-name="suite-book-flight-module" title="com.newtours.tests.BookFlightTest" hash-for-method="flightConfirmationPage">flightConfirmationPage</a> <!-- method navigator-link -->
                      </span>
                      <br/>
                      <span>
                        <img width="3%" src="skipped.png"/>
                        <a href="#" class="method navigator-link" panel-name="suite-book-flight-module" title="com.newtours.tests.BookFlightTest" hash-for-method="flightDetailsPage">flightDetailsPage</a> <!-- method navigator-link -->
                      </span>
                      <br/>
                      <span>
                        <img width="3%" src="skipped.png"/>
                        <a href="#" class="method navigator-link" panel-name="suite-book-flight-module" title="com.newtours.tests.BookFlightTest" hash-for-method="flightDetailsPage">flightDetailsPage</a> <!-- method navigator-link -->
                      </span>
                      <br/>
                      <span>
                        <img width="3%" src="skipped.png"/>
                        <a href="#" class="method navigator-link" panel-name="suite-book-flight-module" title="com.newtours.tests.BookFlightTest" hash-for-method="flightDetailsPage">flightDetailsPage</a> <!-- method navigator-link -->
                      </span>
                      <br/>
                      <span>
                        <img width="3%" src="skipped.png"/>
                        <a href="#" class="method navigator-link" panel-name="suite-book-flight-module" title="com.newtours.tests.BookFlightTest" hash-for-method="flightDetailsPage">flightDetailsPage</a> <!-- method navigator-link -->
                      </span>
                      <br/>
                      <span>
                        <img width="3%" src="skipped.png"/>
                        <a href="#" class="method navigator-link" panel-name="suite-book-flight-module" title="com.newtours.tests.BookFlightTest" hash-for-method="registrationConfirmationPage">registrationConfirmationPage</a> <!-- method navigator-link -->
                      </span>
                      <br/>
                      <span>
                        <img width="3%" src="skipped.png"/>
                        <a href="#" class="method navigator-link" panel-name="suite-book-flight-module" title="com.newtours.tests.BookFlightTest" hash-for-method="registrationConfirmationPage">registrationConfirmationPage</a> <!-- method navigator-link -->
                      </span>
                      <br/>
                      <span>
                        <img width="3%" src="skipped.png"/>
                        <a href="#" class="method navigator-link" panel-name="suite-book-flight-module" title="com.newtours.tests.BookFlightTest" hash-for-method="registrationConfirmationPage">registrationConfirmationPage</a> <!-- method navigator-link -->
                      </span>
                      <br/>
                      <span>
                        <img width="3%" src="skipped.png"/>
                        <a href="#" class="method navigator-link" panel-name="suite-book-flight-module" title="com.newtours.tests.BookFlightTest" hash-for-method="registrationConfirmationPage">registrationConfirmationPage</a> <!-- method navigator-link -->
                      </span>
                      <br/>
                    </div> <!-- method-list-content skipped suite-book-flight-module -->
                  </li>
                </ul>
              </div> <!-- suite-section-content -->
            </div> <!-- result-section -->
          </div> <!-- navigator-suite-content -->
        </div> <!-- rounded-window -->
      </div> <!-- suite -->
    </div> <!-- navigator-root -->
    <div class="wrapper">
      <div class="main-panel-root">
        <div panel-name="suite-book-flight-module" class="panel book-flight-module">
          <div class="suite-book-flight-module-class-failed">
            <div class="main-panel-header rounded-window-top">
              <img src="failed.png"/>
              <span class="class-name">com.newtours.tests.BookFlightTest</span>
            </div> <!-- main-panel-header rounded-window-top -->
            <div class="main-panel-content rounded-window-bottom">
              <div class="method">
                <div class="method-content">
                  <a name="registrationPage">
                  </a> <!-- registrationPage -->
                  <span class="method-name">registrationPage</span>
                  <div class="stack-trace">org.openqa.selenium.TimeoutException: Expected condition failed: waiting for visibility of Proxy element for: DefaultElementLocator &apos;By.name: firstName&apos; (tried for 30 second(s) with 500 milliseconds interval)
	at org.openqa.selenium.support.ui.WebDriverWait.timeoutException(WebDriverWait.java:113)
	at org.openqa.selenium.support.ui.FluentWait.until(FluentWait.java:283)
	at com.newtours.pages.RegistrationPage.goTo(RegistrationPage.java:41)
	at com.newtours.tests.BookFlightTest.registrationPage(BookFlightTest.java:25)
Caused by: org.openqa.selenium.NoSuchElementException: no such element: Unable to locate element: {&quot;method&quot;:&quot;name&quot;,&quot;selector&quot;:&quot;firstName&quot;}
  (Session info: chrome=70.0.3538.77)
  (Driver info: chromedriver=2.43.600233 (523efee95e3d68b8719b3a1c83051aa63aa6b10d),platform=Linux 5.4.0-1021-gcp x86_64) (WARNING: The server did not provide any stacktrace information)
Command duration or timeout: 0 milliseconds
For documentation on this error, please visit: http://seleniumhq.org/exceptions/no_such_element.html
Build info: version: &apos;3.14.0&apos;, revision: &apos;aacccce0&apos;, time: &apos;2018-08-02T20:19:58.91Z&apos;
System info: host: &apos;ubuntu&apos;, ip: &apos;10.128.0.2&apos;, os.name: &apos;Linux&apos;, os.arch: &apos;amd64&apos;, os.version: &apos;5.4.0-1021-gcp&apos;, java.version: &apos;1.8.0_252&apos;
Driver info: org.openqa.selenium.remote.RemoteWebDriver
Capabilities {acceptInsecureCerts: false, acceptSslCerts: false, applicationCacheEnabled: false, browserConnectionEnabled: false, browserName: chrome, chrome: {chromedriverVersion: 2.43.600233 (523efee95e3d68..., userDataDir: /tmp/.org.chromium.Chromium...}, cssSelectorsEnabled: true, databaseEnabled: false, goog:chromeOptions: {debuggerAddress: localhost:40941}, handlesAlerts: true, hasTouchScreen: false, javascriptEnabled: true, locationContextEnabled: true, mobileEmulationEnabled: false, nativeEvents: true, networkConnectionEnabled: false, pageLoadStrategy: normal, platform: LINUX, platformName: LINUX, rotatable: false, setWindowRect: true, takesHeapSnapshot: true, takesScreenshot: true, unexpectedAlertBehaviour: , unhandledPromptBehavior: , version: 70.0.3538.77, webStorageEnabled: true, webdriver.remote.sessionid: 5bb198040108e3da8203b4ab4ec...}
Session ID: 5bb198040108e3da8203b4ab4ec10710
*** Element info: {Using=name, value=firstName}
	at org.openqa.selenium.remote.ErrorHandler.createThrowable(ErrorHandler.java:214)
	at org.openqa.selenium.remote.ErrorHandler.throwIfResponseFailed(ErrorHandler.java:166)
	at org.openqa.selenium.remote.http.JsonHttpResponseCodec.reconstructValue(JsonHttpResponseCodec.java:40)
	at org.openqa.selenium.remote.http.AbstractHttpResponseCodec.decode(AbstractHttpResponseCodec.java:80)
	at org.openqa.selenium.remote.http.AbstractHttpResponseCodec.decode(AbstractHttpResponseCodec.java:44)
	at org.openqa.selenium.remote.HttpCommandExecutor.execute(HttpCommandExecutor.java:158)
	at org.openqa.selenium.remote.RemoteWebDriver.execute(RemoteWebDriver.java:548)
	at org.openqa.selenium.remote.RemoteWebDriver.findElement(RemoteWebDriver.java:322)
	at org.openqa.selenium.remote.RemoteWebDriver.findElementByName(RemoteWebDriver.java:400)
	at org.openqa.selenium.By$ByName.findElement(By.java:284)
	at org.openqa.selenium.remote.RemoteWebDriver.findElement(RemoteWebDriver.java:314)
	at org.openqa.selenium.support.pagefactory.DefaultElementLocator.findElement(DefaultElementLocator.java:69)
	at org.openqa.selenium.support.pagefactory.internal.LocatingElementHandler.invoke(LocatingElementHandler.java:38)
	at com.sun.proxy.$Proxy8.isDisplayed(Unknown Source)
	at org.openqa.selenium.support.ui.ExpectedConditions.elementIfVisible(ExpectedConditions.java:315)
	at org.openqa.selenium.support.ui.ExpectedConditions.access$100(ExpectedConditions.java:44)
	at org.openqa.selenium.support.ui.ExpectedConditions$10.apply(ExpectedConditions.java:301)
	at org.openqa.selenium.support.ui.ExpectedConditions$10.apply(ExpectedConditions.java:298)
	at org.openqa.selenium.support.ui.FluentWait.until(FluentWait.java:260)
	... 31 more
... Removed 33 stack frames
</div> <!-- stack-trace -->
                </div> <!-- method-content -->
              </div> <!-- method -->
              <div class="method">
                <div class="method-content">
                  <a name="registrationPage">
                  </a> <!-- registrationPage -->
                  <span class="method-name">registrationPage</span>
                  <div class="stack-trace">org.openqa.selenium.TimeoutException: Expected condition failed: waiting for visibility of Proxy element for: DefaultElementLocator &apos;By.name: firstName&apos; (tried for 30 second(s) with 500 milliseconds interval)
	at org.openqa.selenium.support.ui.WebDriverWait.timeoutException(WebDriverWait.java:113)
	at org.openqa.selenium.support.ui.FluentWait.until(FluentWait.java:283)
	at com.newtours.pages.RegistrationPage.goTo(RegistrationPage.java:41)
	at com.newtours.tests.BookFlightTest.registrationPage(BookFlightTest.java:25)
Caused by: org.openqa.selenium.NoSuchElementException: no such element: Unable to locate element: {&quot;method&quot;:&quot;name&quot;,&quot;selector&quot;:&quot;firstName&quot;}
  (Session info: chrome=70.0.3538.77)
  (Driver info: chromedriver=2.43.600233 (523efee95e3d68b8719b3a1c83051aa63aa6b10d),platform=Linux 5.4.0-1021-gcp x86_64) (WARNING: The server did not provide any stacktrace information)
Command duration or timeout: 0 milliseconds
For documentation on this error, please visit: http://seleniumhq.org/exceptions/no_such_element.html
Build info: version: &apos;3.14.0&apos;, revision: &apos;aacccce0&apos;, time: &apos;2018-08-02T20:19:58.91Z&apos;
System info: host: &apos;ubuntu&apos;, ip: &apos;10.128.0.2&apos;, os.name: &apos;Linux&apos;, os.arch: &apos;amd64&apos;, os.version: &apos;5.4.0-1021-gcp&apos;, java.version: &apos;1.8.0_252&apos;
Driver info: org.openqa.selenium.remote.RemoteWebDriver
Capabilities {acceptInsecureCerts: false, acceptSslCerts: false, applicationCacheEnabled: false, browserConnectionEnabled: false, browserName: chrome, chrome: {chromedriverVersion: 2.43.600233 (523efee95e3d68..., userDataDir: /tmp/.org.chromium.Chromium...}, cssSelectorsEnabled: true, databaseEnabled: false, goog:chromeOptions: {debuggerAddress: localhost:34781}, handlesAlerts: true, hasTouchScreen: false, javascriptEnabled: true, locationContextEnabled: true, mobileEmulationEnabled: false, nativeEvents: true, networkConnectionEnabled: false, pageLoadStrategy: normal, platform: LINUX, platformName: LINUX, rotatable: false, setWindowRect: true, takesHeapSnapshot: true, takesScreenshot: true, unexpectedAlertBehaviour: , unhandledPromptBehavior: , version: 70.0.3538.77, webStorageEnabled: true, webdriver.remote.sessionid: 1e9b34c56f3ed8bb69e8a91861e...}
Session ID: 1e9b34c56f3ed8bb69e8a91861ee46c3
*** Element info: {Using=name, value=firstName}
	at org.openqa.selenium.remote.ErrorHandler.createThrowable(ErrorHandler.java:214)
	at org.openqa.selenium.remote.ErrorHandler.throwIfResponseFailed(ErrorHandler.java:166)
	at org.openqa.selenium.remote.http.JsonHttpResponseCodec.reconstructValue(JsonHttpResponseCodec.java:40)
	at org.openqa.selenium.remote.http.AbstractHttpResponseCodec.decode(AbstractHttpResponseCodec.java:80)
	at org.openqa.selenium.remote.http.AbstractHttpResponseCodec.decode(AbstractHttpResponseCodec.java:44)
	at org.openqa.selenium.remote.HttpCommandExecutor.execute(HttpCommandExecutor.java:158)
	at org.openqa.selenium.remote.RemoteWebDriver.execute(RemoteWebDriver.java:548)
	at org.openqa.selenium.remote.RemoteWebDriver.findElement(RemoteWebDriver.java:322)
	at org.openqa.selenium.remote.RemoteWebDriver.findElementByName(RemoteWebDriver.java:400)
	at org.openqa.selenium.By$ByName.findElement(By.java:284)
	at org.openqa.selenium.remote.RemoteWebDriver.findElement(RemoteWebDriver.java:314)
	at org.openqa.selenium.support.pagefactory.DefaultElementLocator.findElement(DefaultElementLocator.java:69)
	at org.openqa.selenium.support.pagefactory.internal.LocatingElementHandler.invoke(LocatingElementHandler.java:38)
	at com.sun.proxy.$Proxy8.isDisplayed(Unknown Source)
	at org.openqa.selenium.support.ui.ExpectedConditions.elementIfVisible(ExpectedConditions.java:315)
	at org.openqa.selenium.support.ui.ExpectedConditions.access$100(ExpectedConditions.java:44)
	at org.openqa.selenium.support.ui.ExpectedConditions$10.apply(ExpectedConditions.java:301)
	at org.openqa.selenium.support.ui.ExpectedConditions$10.apply(ExpectedConditions.java:298)
	at org.openqa.selenium.support.ui.FluentWait.until(FluentWait.java:260)
	... 31 more
... Removed 33 stack frames
</div> <!-- stack-trace -->
                </div> <!-- method-content -->
              </div> <!-- method -->
              <div class="method">
                <div class="method-content">
                  <a name="registrationPage">
                  </a> <!-- registrationPage -->
                  <span class="method-name">registrationPage</span>
                  <div class="stack-trace">org.openqa.selenium.TimeoutException: Expected condition failed: waiting for visibility of Proxy element for: DefaultElementLocator &apos;By.name: firstName&apos; (tried for 30 second(s) with 500 milliseconds interval)
	at org.openqa.selenium.support.ui.WebDriverWait.timeoutException(WebDriverWait.java:113)
	at org.openqa.selenium.support.ui.FluentWait.until(FluentWait.java:283)
	at com.newtours.pages.RegistrationPage.goTo(RegistrationPage.java:41)
	at com.newtours.tests.BookFlightTest.registrationPage(BookFlightTest.java:25)
Caused by: org.openqa.selenium.NoSuchElementException: no such element: Unable to locate element: {&quot;method&quot;:&quot;name&quot;,&quot;selector&quot;:&quot;firstName&quot;}
  (Session info: chrome=70.0.3538.77)
  (Driver info: chromedriver=2.43.600233 (523efee95e3d68b8719b3a1c83051aa63aa6b10d),platform=Linux 5.4.0-1021-gcp x86_64) (WARNING: The server did not provide any stacktrace information)
Command duration or timeout: 0 milliseconds
For documentation on this error, please visit: http://seleniumhq.org/exceptions/no_such_element.html
Build info: version: &apos;3.14.0&apos;, revision: &apos;aacccce0&apos;, time: &apos;2018-08-02T20:19:58.91Z&apos;
System info: host: &apos;ubuntu&apos;, ip: &apos;10.128.0.2&apos;, os.name: &apos;Linux&apos;, os.arch: &apos;amd64&apos;, os.version: &apos;5.4.0-1021-gcp&apos;, java.version: &apos;1.8.0_252&apos;
Driver info: org.openqa.selenium.remote.RemoteWebDriver
Capabilities {acceptInsecureCerts: false, acceptSslCerts: false, applicationCacheEnabled: false, browserConnectionEnabled: false, browserName: chrome, chrome: {chromedriverVersion: 2.43.600233 (523efee95e3d68..., userDataDir: /tmp/.org.chromium.Chromium...}, cssSelectorsEnabled: true, databaseEnabled: false, goog:chromeOptions: {debuggerAddress: localhost:46227}, handlesAlerts: true, hasTouchScreen: false, javascriptEnabled: true, locationContextEnabled: true, mobileEmulationEnabled: false, nativeEvents: true, networkConnectionEnabled: false, pageLoadStrategy: normal, platform: LINUX, platformName: LINUX, rotatable: false, setWindowRect: true, takesHeapSnapshot: true, takesScreenshot: true, unexpectedAlertBehaviour: , unhandledPromptBehavior: , version: 70.0.3538.77, webStorageEnabled: true, webdriver.remote.sessionid: bf81938f1c9323b8ff3389d880d...}
Session ID: bf81938f1c9323b8ff3389d880dd6810
*** Element info: {Using=name, value=firstName}
	at org.openqa.selenium.remote.ErrorHandler.createThrowable(ErrorHandler.java:214)
	at org.openqa.selenium.remote.ErrorHandler.throwIfResponseFailed(ErrorHandler.java:166)
	at org.openqa.selenium.remote.http.JsonHttpResponseCodec.reconstructValue(JsonHttpResponseCodec.java:40)
	at org.openqa.selenium.remote.http.AbstractHttpResponseCodec.decode(AbstractHttpResponseCodec.java:80)
	at org.openqa.selenium.remote.http.AbstractHttpResponseCodec.decode(AbstractHttpResponseCodec.java:44)
	at org.openqa.selenium.remote.HttpCommandExecutor.execute(HttpCommandExecutor.java:158)
	at org.openqa.selenium.remote.RemoteWebDriver.execute(RemoteWebDriver.java:548)
	at org.openqa.selenium.remote.RemoteWebDriver.findElement(RemoteWebDriver.java:322)
	at org.openqa.selenium.remote.RemoteWebDriver.findElementByName(RemoteWebDriver.java:400)
	at org.openqa.selenium.By$ByName.findElement(By.java:284)
	at org.openqa.selenium.remote.RemoteWebDriver.findElement(RemoteWebDriver.java:314)
	at org.openqa.selenium.support.pagefactory.DefaultElementLocator.findElement(DefaultElementLocator.java:69)
	at org.openqa.selenium.support.pagefactory.internal.LocatingElementHandler.invoke(LocatingElementHandler.java:38)
	at com.sun.proxy.$Proxy8.isDisplayed(Unknown Source)
	at org.openqa.selenium.support.ui.ExpectedConditions.elementIfVisible(ExpectedConditions.java:315)
	at org.openqa.selenium.support.ui.ExpectedConditions.access$100(ExpectedConditions.java:44)
	at org.openqa.selenium.support.ui.ExpectedConditions$10.apply(ExpectedConditions.java:301)
	at org.openqa.selenium.support.ui.ExpectedConditions$10.apply(ExpectedConditions.java:298)
	at org.openqa.selenium.support.ui.FluentWait.until(FluentWait.java:260)
	... 31 more
... Removed 33 stack frames
</div> <!-- stack-trace -->
                </div> <!-- method-content -->
              </div> <!-- method -->
              <div class="method">
                <div class="method-content">
                  <a name="registrationPage">
                  </a> <!-- registrationPage -->
                  <span class="method-name">registrationPage</span>
                  <div class="stack-trace">org.openqa.selenium.TimeoutException: Expected condition failed: waiting for visibility of Proxy element for: DefaultElementLocator &apos;By.name: firstName&apos; (tried for 30 second(s) with 500 milliseconds interval)
	at org.openqa.selenium.support.ui.WebDriverWait.timeoutException(WebDriverWait.java:113)
	at org.openqa.selenium.support.ui.FluentWait.until(FluentWait.java:283)
	at com.newtours.pages.RegistrationPage.goTo(RegistrationPage.java:41)
	at com.newtours.tests.BookFlightTest.registrationPage(BookFlightTest.java:25)
Caused by: org.openqa.selenium.NoSuchElementException: no such element: Unable to locate element: {&quot;method&quot;:&quot;name&quot;,&quot;selector&quot;:&quot;firstName&quot;}
  (Session info: chrome=70.0.3538.77)
  (Driver info: chromedriver=2.43.600233 (523efee95e3d68b8719b3a1c83051aa63aa6b10d),platform=Linux 5.4.0-1021-gcp x86_64) (WARNING: The server did not provide any stacktrace information)
Command duration or timeout: 0 milliseconds
For documentation on this error, please visit: http://seleniumhq.org/exceptions/no_such_element.html
Build info: version: &apos;3.14.0&apos;, revision: &apos;aacccce0&apos;, time: &apos;2018-08-02T20:19:58.91Z&apos;
System info: host: &apos;ubuntu&apos;, ip: &apos;10.128.0.2&apos;, os.name: &apos;Linux&apos;, os.arch: &apos;amd64&apos;, os.version: &apos;5.4.0-1021-gcp&apos;, java.version: &apos;1.8.0_252&apos;
Driver info: org.openqa.selenium.remote.RemoteWebDriver
Capabilities {acceptInsecureCerts: false, acceptSslCerts: false, applicationCacheEnabled: false, browserConnectionEnabled: false, browserName: chrome, chrome: {chromedriverVersion: 2.43.600233 (523efee95e3d68..., userDataDir: /tmp/.org.chromium.Chromium...}, cssSelectorsEnabled: true, databaseEnabled: false, goog:chromeOptions: {debuggerAddress: localhost:45403}, handlesAlerts: true, hasTouchScreen: false, javascriptEnabled: true, locationContextEnabled: true, mobileEmulationEnabled: false, nativeEvents: true, networkConnectionEnabled: false, pageLoadStrategy: normal, platform: LINUX, platformName: LINUX, rotatable: false, setWindowRect: true, takesHeapSnapshot: true, takesScreenshot: true, unexpectedAlertBehaviour: , unhandledPromptBehavior: , version: 70.0.3538.77, webStorageEnabled: true, webdriver.remote.sessionid: fa91d102c91a035876fb41bae92...}
Session ID: fa91d102c91a035876fb41bae924a128
*** Element info: {Using=name, value=firstName}
	at org.openqa.selenium.remote.ErrorHandler.createThrowable(ErrorHandler.java:214)
	at org.openqa.selenium.remote.ErrorHandler.throwIfResponseFailed(ErrorHandler.java:166)
	at org.openqa.selenium.remote.http.JsonHttpResponseCodec.reconstructValue(JsonHttpResponseCodec.java:40)
	at org.openqa.selenium.remote.http.AbstractHttpResponseCodec.decode(AbstractHttpResponseCodec.java:80)
	at org.openqa.selenium.remote.http.AbstractHttpResponseCodec.decode(AbstractHttpResponseCodec.java:44)
	at org.openqa.selenium.remote.HttpCommandExecutor.execute(HttpCommandExecutor.java:158)
	at org.openqa.selenium.remote.RemoteWebDriver.execute(RemoteWebDriver.java:548)
	at org.openqa.selenium.remote.RemoteWebDriver.findElement(RemoteWebDriver.java:322)
	at org.openqa.selenium.remote.RemoteWebDriver.findElementByName(RemoteWebDriver.java:400)
	at org.openqa.selenium.By$ByName.findElement(By.java:284)
	at org.openqa.selenium.remote.RemoteWebDriver.findElement(RemoteWebDriver.java:314)
	at org.openqa.selenium.support.pagefactory.DefaultElementLocator.findElement(DefaultElementLocator.java:69)
	at org.openqa.selenium.support.pagefactory.internal.LocatingElementHandler.invoke(LocatingElementHandler.java:38)
	at com.sun.proxy.$Proxy8.isDisplayed(Unknown Source)
	at org.openqa.selenium.support.ui.ExpectedConditions.elementIfVisible(ExpectedConditions.java:315)
	at org.openqa.selenium.support.ui.ExpectedConditions.access$100(ExpectedConditions.java:44)
	at org.openqa.selenium.support.ui.ExpectedConditions$10.apply(ExpectedConditions.java:301)
	at org.openqa.selenium.support.ui.ExpectedConditions$10.apply(ExpectedConditions.java:298)
	at org.openqa.selenium.support.ui.FluentWait.until(FluentWait.java:260)
	... 31 more
... Removed 33 stack frames
</div> <!-- stack-trace -->
                </div> <!-- method-content -->
              </div> <!-- method -->
            </div> <!-- main-panel-content rounded-window-bottom -->
          </div> <!-- suite-book-flight-module-class-failed -->
          <div class="suite-book-flight-module-class-skipped">
            <div class="main-panel-header rounded-window-top">
              <img src="skipped.png"/>
              <span class="class-name">com.newtours.tests.BookFlightTest</span>
            </div> <!-- main-panel-header rounded-window-top -->
            <div class="main-panel-content rounded-window-bottom">
              <div class="method">
                <div class="method-content">
                  <a name="findFlightPage">
                  </a> <!-- findFlightPage -->
                  <span class="method-name">findFlightPage</span>
                  <div class="stack-trace">java.lang.Throwable: Method BookFlightTest.findFlightPage()[pri:0, instance:com.newtours.tests.BookFlightTest@2c6a3f77] depends on not successfully finished methods
... Removed 22 stack frames
</div> <!-- stack-trace -->
                </div> <!-- method-content -->
              </div> <!-- method -->
              <div class="method">
                <div class="method-content">
                  <a name="findFlightPage">
                  </a> <!-- findFlightPage -->
                  <span class="method-name">findFlightPage</span>
                  <div class="stack-trace">java.lang.Throwable: Method BookFlightTest.findFlightPage()[pri:0, instance:com.newtours.tests.BookFlightTest@3551a94] depends on not successfully finished methods
... Removed 22 stack frames
</div> <!-- stack-trace -->
                </div> <!-- method-content -->
              </div> <!-- method -->
              <div class="method">
                <div class="method-content">
                  <a name="findFlightPage">
                  </a> <!-- findFlightPage -->
                  <span class="method-name">findFlightPage</span>
                  <div class="stack-trace">java.lang.Throwable: Method BookFlightTest.findFlightPage()[pri:0, instance:com.newtours.tests.BookFlightTest@61dc03ce] depends on not successfully finished methods
... Removed 22 stack frames
</div> <!-- stack-trace -->
                </div> <!-- method-content -->
              </div> <!-- method -->
              <div class="method">
                <div class="method-content">
                  <a name="findFlightPage">
                  </a> <!-- findFlightPage -->
                  <span class="method-name">findFlightPage</span>
                  <div class="stack-trace">java.lang.Throwable: Method BookFlightTest.findFlightPage()[pri:0, instance:com.newtours.tests.BookFlightTest@7f560810] depends on not successfully finished methods
... Removed 22 stack frames
</div> <!-- stack-trace -->
                </div> <!-- method-content -->
              </div> <!-- method -->
              <div class="method">
                <div class="method-content">
                  <a name="flightConfirmationPage">
                  </a> <!-- flightConfirmationPage -->
                  <span class="method-name">flightConfirmationPage</span>
                  <div class="stack-trace">java.lang.Throwable: Method BookFlightTest.flightConfirmationPage()[pri:0, instance:com.newtours.tests.BookFlightTest@2c6a3f77] depends on not successfully finished methods
... Removed 22 stack frames
</div> <!-- stack-trace -->
                </div> <!-- method-content -->
              </div> <!-- method -->
              <div class="method">
                <div class="method-content">
                  <a name="flightConfirmationPage">
                  </a> <!-- flightConfirmationPage -->
                  <span class="method-name">flightConfirmationPage</span>
                  <div class="stack-trace">java.lang.Throwable: Method BookFlightTest.flightConfirmationPage()[pri:0, instance:com.newtours.tests.BookFlightTest@3551a94] depends on not successfully finished methods
... Removed 22 stack frames
</div> <!-- stack-trace -->
                </div> <!-- method-content -->
              </div> <!-- method -->
              <div class="method">
                <div class="method-content">
                  <a name="flightConfirmationPage">
                  </a> <!-- flightConfirmationPage -->
                  <span class="method-name">flightConfirmationPage</span>
                  <div class="stack-trace">java.lang.Throwable: Method BookFlightTest.flightConfirmationPage()[pri:0, instance:com.newtours.tests.BookFlightTest@61dc03ce] depends on not successfully finished methods
... Removed 22 stack frames
</div> <!-- stack-trace -->
                </div> <!-- method-content -->
              </div> <!-- method -->
              <div class="method">
                <div class="method-content">
                  <a name="flightConfirmationPage">
                  </a> <!-- flightConfirmationPage -->
                  <span class="method-name">flightConfirmationPage</span>
                  <div class="stack-trace">java.lang.Throwable: Method BookFlightTest.flightConfirmationPage()[pri:0, instance:com.newtours.tests.BookFlightTest@7f560810] depends on not successfully finished methods
... Removed 22 stack frames
</div> <!-- stack-trace -->
                </div> <!-- method-content -->
              </div> <!-- method -->
              <div class="method">
                <div class="method-content">
                  <a name="flightDetailsPage">
                  </a> <!-- flightDetailsPage -->
                  <span class="method-name">flightDetailsPage</span>
                  <div class="stack-trace">java.lang.Throwable: Method BookFlightTest.flightDetailsPage()[pri:0, instance:com.newtours.tests.BookFlightTest@2c6a3f77] depends on not successfully finished methods
... Removed 22 stack frames
</div> <!-- stack-trace -->
                </div> <!-- method-content -->
              </div> <!-- method -->
              <div class="method">
                <div class="method-content">
                  <a name="flightDetailsPage">
                  </a> <!-- flightDetailsPage -->
                  <span class="method-name">flightDetailsPage</span>
                  <div class="stack-trace">java.lang.Throwable: Method BookFlightTest.flightDetailsPage()[pri:0, instance:com.newtours.tests.BookFlightTest@3551a94] depends on not successfully finished methods
... Removed 22 stack frames
</div> <!-- stack-trace -->
                </div> <!-- method-content -->
              </div> <!-- method -->
              <div class="method">
                <div class="method-content">
                  <a name="flightDetailsPage">
                  </a> <!-- flightDetailsPage -->
                  <span class="method-name">flightDetailsPage</span>
                  <div class="stack-trace">java.lang.Throwable: Method BookFlightTest.flightDetailsPage()[pri:0, instance:com.newtours.tests.BookFlightTest@61dc03ce] depends on not successfully finished methods
... Removed 22 stack frames
</div> <!-- stack-trace -->
                </div> <!-- method-content -->
              </div> <!-- method -->
              <div class="method">
                <div class="method-content">
                  <a name="flightDetailsPage">
                  </a> <!-- flightDetailsPage -->
                  <span class="method-name">flightDetailsPage</span>
                  <div class="stack-trace">java.lang.Throwable: Method BookFlightTest.flightDetailsPage()[pri:0, instance:com.newtours.tests.BookFlightTest@7f560810] depends on not successfully finished methods
... Removed 22 stack frames
</div> <!-- stack-trace -->
                </div> <!-- method-content -->
              </div> <!-- method -->
              <div class="method">
                <div class="method-content">
                  <a name="registrationConfirmationPage">
                  </a> <!-- registrationConfirmationPage -->
                  <span class="method-name">registrationConfirmationPage</span>
                  <div class="stack-trace">java.lang.Throwable: Method BookFlightTest.registrationConfirmationPage()[pri:0, instance:com.newtours.tests.BookFlightTest@2c6a3f77] depends on not successfully finished methods
... Removed 22 stack frames
</div> <!-- stack-trace -->
                </div> <!-- method-content -->
              </div> <!-- method -->
              <div class="method">
                <div class="method-content">
                  <a name="registrationConfirmationPage">
                  </a> <!-- registrationConfirmationPage -->
                  <span class="method-name">registrationConfirmationPage</span>
                  <div class="stack-trace">java.lang.Throwable: Method BookFlightTest.registrationConfirmationPage()[pri:0, instance:com.newtours.tests.BookFlightTest@3551a94] depends on not successfully finished methods
... Removed 22 stack frames
</div> <!-- stack-trace -->
                </div> <!-- method-content -->
              </div> <!-- method -->
              <div class="method">
                <div class="method-content">
                  <a name="registrationConfirmationPage">
                  </a> <!-- registrationConfirmationPage -->
                  <span class="method-name">registrationConfirmationPage</span>
                  <div class="stack-trace">java.lang.Throwable: Method BookFlightTest.registrationConfirmationPage()[pri:0, instance:com.newtours.tests.BookFlightTest@61dc03ce] depends on not successfully finished methods
... Removed 22 stack frames
</div> <!-- stack-trace -->
                </div> <!-- method-content -->
              </div> <!-- method -->
              <div class="method">
                <div class="method-content">
                  <a name="registrationConfirmationPage">
                  </a> <!-- registrationConfirmationPage -->
                  <span class="method-name">registrationConfirmationPage</span>
                  <div class="stack-trace">java.lang.Throwable: Method BookFlightTest.registrationConfirmationPage()[pri:0, instance:com.newtours.tests.BookFlightTest@7f560810] depends on not successfully finished methods
... Removed 22 stack frames
</div> <!-- stack-trace -->
                </div> <!-- method-content -->
              </div> <!-- method -->
            </div> <!-- main-panel-content rounded-window-bottom -->
          </div> <!-- suite-book-flight-module-class-skipped -->
        </div> <!-- panel book-flight-module -->
        <div panel-name="test-xml-book-flight-module" class="panel">
          <div class="main-panel-header rounded-window-top">
            <span class="header-content">/home/thalesh97029/seleniumProjects/seleniumDocker/seleniumDockerProject/book-flight-module.xml</span>
          </div> <!-- main-panel-header rounded-window-top -->
          <div class="main-panel-content rounded-window-bottom">
            <pre>
&lt;?xml version=&quot;1.0&quot; encoding=&quot;UTF-8&quot;?&gt;
&lt;!DOCTYPE suite SYSTEM &quot;http://testng.org/testng-1.0.dtd&quot;&gt;
&lt;suite guice-stage=&quot;DEVELOPMENT&quot; verbose=&quot;0&quot; name=&quot;book-flight-module&quot;&gt;
  &lt;test thread-count=&quot;5&quot; verbose=&quot;0&quot; name=&quot;book-flight-1&quot;&gt;
    &lt;parameter name=&quot;expectedPrice&quot; value=&quot;$584 USD&quot;/&gt;
    &lt;parameter name=&quot;noOfPassengers&quot; value=&quot;1&quot;/&gt;
    &lt;classes&gt;
      &lt;class name=&quot;com.newtours.tests.BookFlightTest&quot;/&gt;
    &lt;/classes&gt;
  &lt;/test&gt; &lt;!-- book-flight-1 --&gt;
  &lt;test thread-count=&quot;5&quot; verbose=&quot;0&quot; name=&quot;book-flight-2&quot;&gt;
    &lt;parameter name=&quot;expectedPrice&quot; value=&quot;$1169 USD&quot;/&gt;
    &lt;parameter name=&quot;noOfPassengers&quot; value=&quot;2&quot;/&gt;
    &lt;classes&gt;
      &lt;class name=&quot;com.newtours.tests.BookFlightTest&quot;/&gt;
    &lt;/classes&gt;
  &lt;/test&gt; &lt;!-- book-flight-2 --&gt;
  &lt;test thread-count=&quot;5&quot; verbose=&quot;0&quot; name=&quot;book-flight-3&quot;&gt;
    &lt;parameter name=&quot;expectedPrice&quot; value=&quot;$1753 USD&quot;/&gt;
    &lt;parameter name=&quot;noOfPassengers&quot; value=&quot;3&quot;/&gt;
    &lt;classes&gt;
      &lt;class name=&quot;com.newtours.tests.BookFlightTest&quot;/&gt;
    &lt;/classes&gt;
  &lt;/test&gt; &lt;!-- book-flight-3 --&gt;
  &lt;test thread-count=&quot;5&quot; verbose=&quot;0&quot; name=&quot;book-flight-4&quot;&gt;
    &lt;parameter name=&quot;expectedPrice&quot; value=&quot;$2338 USD&quot;/&gt;
    &lt;parameter name=&quot;noOfPassengers&quot; value=&quot;4&quot;/&gt;
    &lt;classes&gt;
      &lt;class name=&quot;com.newtours.tests.BookFlightTest&quot;/&gt;
    &lt;/classes&gt;
  &lt;/test&gt; &lt;!-- book-flight-4 --&gt;
&lt;/suite&gt; &lt;!-- book-flight-module --&gt;
            </pre>
          </div> <!-- main-panel-content rounded-window-bottom -->
        </div> <!-- panel -->
        <div panel-name="testlist-book-flight-module" class="panel">
          <div class="main-panel-header rounded-window-top">
            <span class="header-content">Tests for book-flight-module</span>
          </div> <!-- main-panel-header rounded-window-top -->
          <div class="main-panel-content rounded-window-bottom">
            <ul>
              <li>
                <span class="test-name">book-flight-1 (1 class)</span>
              </li>
              <li>
                <span class="test-name">book-flight-2 (1 class)</span>
              </li>
              <li>
                <span class="test-name">book-flight-3 (1 class)</span>
              </li>
              <li>
                <span class="test-name">book-flight-4 (1 class)</span>
              </li>
            </ul>
          </div> <!-- main-panel-content rounded-window-bottom -->
        </div> <!-- panel -->
        <div panel-name="group-book-flight-module" class="panel">
          <div class="main-panel-header rounded-window-top">
            <span class="header-content">Groups for book-flight-module</span>
          </div> <!-- main-panel-header rounded-window-top -->
          <div class="main-panel-content rounded-window-bottom">
          </div> <!-- main-panel-content rounded-window-bottom -->
        </div> <!-- panel -->
        <div panel-name="times-book-flight-module" class="panel">
          <div class="main-panel-header rounded-window-top">
            <span class="header-content">Times for book-flight-module</span>
          </div> <!-- main-panel-header rounded-window-top -->
          <div class="main-panel-content rounded-window-bottom">
            <div class="times-div">
              <script type="text/javascript">
suiteTableInitFunctions.push('tableData_book-flight-module');
function tableData_book-flight-module() {
var data = new google.visualization.DataTable();
data.addColumn('number', 'Number');
data.addColumn('string', 'Method');
data.addColumn('string', 'Class');
data.addColumn('number', 'Time (ms)');
data.addRows(20);
data.setCell(0, 0, 0)
data.setCell(0, 1, 'registrationPage')
data.setCell(0, 2, 'com.newtours.tests.BookFlightTest')
data.setCell(0, 3, 62969);
data.setCell(1, 0, 1)
data.setCell(1, 1, 'registrationPage')
data.setCell(1, 2, 'com.newtours.tests.BookFlightTest')
data.setCell(1, 3, 62936);
data.setCell(2, 0, 2)
data.setCell(2, 1, 'registrationPage')
data.setCell(2, 2, 'com.newtours.tests.BookFlightTest')
data.setCell(2, 3, 62915);
data.setCell(3, 0, 3)
data.setCell(3, 1, 'registrationPage')
data.setCell(3, 2, 'com.newtours.tests.BookFlightTest')
data.setCell(3, 3, 62874);
data.setCell(4, 0, 4)
data.setCell(4, 1, 'flightConfirmationPage')
data.setCell(4, 2, 'com.newtours.tests.BookFlightTest')
data.setCell(4, 3, 0);
data.setCell(5, 0, 5)
data.setCell(5, 1, 'findFlightPage')
data.setCell(5, 2, 'com.newtours.tests.BookFlightTest')
data.setCell(5, 3, 0);
data.setCell(6, 0, 6)
data.setCell(6, 1, 'flightDetailsPage')
data.setCell(6, 2, 'com.newtours.tests.BookFlightTest')
data.setCell(6, 3, 0);
data.setCell(7, 0, 7)
data.setCell(7, 1, 'registrationConfirmationPage')
data.setCell(7, 2, 'com.newtours.tests.BookFlightTest')
data.setCell(7, 3, 0);
data.setCell(8, 0, 8)
data.setCell(8, 1, 'findFlightPage')
data.setCell(8, 2, 'com.newtours.tests.BookFlightTest')
data.setCell(8, 3, 0);
data.setCell(9, 0, 9)
data.setCell(9, 1, 'registrationConfirmationPage')
data.setCell(9, 2, 'com.newtours.tests.BookFlightTest')
data.setCell(9, 3, 0);
data.setCell(10, 0, 10)
data.setCell(10, 1, 'flightConfirmationPage')
data.setCell(10, 2, 'com.newtours.tests.BookFlightTest')
data.setCell(10, 3, 0);
data.setCell(11, 0, 11)
data.setCell(11, 1, 'flightDetailsPage')
data.setCell(11, 2, 'com.newtours.tests.BookFlightTest')
data.setCell(11, 3, 0);
data.setCell(12, 0, 12)
data.setCell(12, 1, 'flightDetailsPage')
data.setCell(12, 2, 'com.newtours.tests.BookFlightTest')
data.setCell(12, 3, 0);
data.setCell(13, 0, 13)
data.setCell(13, 1, 'findFlightPage')
data.setCell(13, 2, 'com.newtours.tests.BookFlightTest')
data.setCell(13, 3, 0);
data.setCell(14, 0, 14)
data.setCell(14, 1, 'flightConfirmationPage')
data.setCell(14, 2, 'com.newtours.tests.BookFlightTest')
data.setCell(14, 3, 0);
data.setCell(15, 0, 15)
data.setCell(15, 1, 'registrationConfirmationPage')
data.setCell(15, 2, 'com.newtours.tests.BookFlightTest')
data.setCell(15, 3, 0);
data.setCell(16, 0, 16)
data.setCell(16, 1, 'findFlightPage')
data.setCell(16, 2, 'com.newtours.tests.BookFlightTest')
data.setCell(16, 3, 0);
data.setCell(17, 0, 17)
data.setCell(17, 1, 'flightConfirmationPage')
data.setCell(17, 2, 'com.newtours.tests.BookFlightTest')
data.setCell(17, 3, 0);
data.setCell(18, 0, 18)
data.setCell(18, 1, 'registrationConfirmationPage')
data.setCell(18, 2, 'com.newtours.tests.BookFlightTest')
data.setCell(18, 3, 0);
data.setCell(19, 0, 19)
data.setCell(19, 1, 'flightDetailsPage')
data.setCell(19, 2, 'com.newtours.tests.BookFlightTest')
data.setCell(19, 3, 0);
window.suiteTableData['book-flight-module']= { tableData: data, tableDiv: 'times-div-book-flight-module'}
return data;
}
              </script>
              <span class="suite-total-time">Total running time: 4 minutes</span>
              <div id="times-div-book-flight-module">
              </div> <!-- times-div-book-flight-module -->
            </div> <!-- times-div -->
          </div> <!-- main-panel-content rounded-window-bottom -->
        </div> <!-- panel -->
        <div panel-name="reporter-book-flight-module" class="panel">
          <div class="main-panel-header rounded-window-top">
            <span class="header-content">Reporter output for book-flight-module</span>
          </div> <!-- main-panel-header rounded-window-top -->
          <div class="main-panel-content rounded-window-bottom">
          </div> <!-- main-panel-content rounded-window-bottom -->
        </div> <!-- panel -->
        <div panel-name="ignored-methods-book-flight-module" class="panel">
          <div class="main-panel-header rounded-window-top">
            <span class="header-content">0 ignored methods</span>
          </div> <!-- main-panel-header rounded-window-top -->
          <div class="main-panel-content rounded-window-bottom">
          </div> <!-- main-panel-content rounded-window-bottom -->
        </div> <!-- panel -->
        <div panel-name="chronological-book-flight-module" class="panel">
          <div class="main-panel-header rounded-window-top">
            <span class="header-content">Methods in chronological order</span>
          </div> <!-- main-panel-header rounded-window-top -->
          <div class="main-panel-content rounded-window-bottom">
            <div class="chronological-class">
              <div class="chronological-class-name">com.newtours.tests.BookFlightTest</div> <!-- chronological-class-name -->
              <div class="configuration-test before">
                <span class="method-name">setupDriver(org.testng.TestRunner@4f74980d)</span>
                <span class="method-start">0 ms</span>
              </div> <!-- configuration-test before -->
              <div class="configuration-test before">
                <span class="method-name">setupParameters(1, $584 USD)</span>
                <span class="method-start">1489 ms</span>
              </div> <!-- configuration-test before -->
              <div class="test-method">
                <img src="failed.png">
                </img>
                <span class="method-name">registrationPage</span>
                <span class="method-start">1506 ms</span>
              </div> <!-- test-method -->
              <div class="configuration-test after">
                <span class="method-name">quitDriver</span>
                <span class="method-start">64489 ms</span>
              </div> <!-- configuration-test after -->
              <div class="configuration-test before">
                <span class="method-name">setupDriver(org.testng.TestRunner@2a3888c1)</span>
                <span class="method-start">64607 ms</span>
              </div> <!-- configuration-test before -->
              <div class="configuration-test before">
                <span class="method-name">setupParameters(2, $1169 USD)</span>
                <span class="method-start">65482 ms</span>
              </div> <!-- configuration-test before -->
              <div class="test-method">
                <img src="failed.png">
                </img>
                <span class="method-name">registrationPage</span>
                <span class="method-start">65484 ms</span>
              </div> <!-- test-method -->
              <div class="configuration-test after">
                <span class="method-name">quitDriver</span>
                <span class="method-start">128433 ms</span>
              </div> <!-- configuration-test after -->
              <div class="configuration-test before">
                <span class="method-name">setupDriver(org.testng.TestRunner@4167d97b)</span>
                <span class="method-start">128528 ms</span>
              </div> <!-- configuration-test before -->
              <div class="configuration-test before">
                <span class="method-name">setupParameters(3, $1753 USD)</span>
                <span class="method-start">129427 ms</span>
              </div> <!-- configuration-test before -->
              <div class="test-method">
                <img src="failed.png">
                </img>
                <span class="method-name">registrationPage</span>
                <span class="method-start">129428 ms</span>
              </div> <!-- test-method -->
              <div class="configuration-test after">
                <span class="method-name">quitDriver</span>
                <span class="method-start">192305 ms</span>
              </div> <!-- configuration-test after -->
              <div class="configuration-test before">
                <span class="method-name">setupDriver(org.testng.TestRunner@14fa86ae)</span>
                <span class="method-start">192400 ms</span>
              </div> <!-- configuration-test before -->
              <div class="configuration-test before">
                <span class="method-name">setupParameters(4, $2338 USD)</span>
                <span class="method-start">193288 ms</span>
              </div> <!-- configuration-test before -->
              <div class="test-method">
                <img src="failed.png">
                </img>
                <span class="method-name">registrationPage</span>
                <span class="method-start">193289 ms</span>
              </div> <!-- test-method -->
              <div class="configuration-test after">
                <span class="method-name">quitDriver</span>
                <span class="method-start">256207 ms</span>
              </div> <!-- configuration-test after -->
          </div> <!-- main-panel-content rounded-window-bottom -->
        </div> <!-- panel -->
      </div> <!-- main-panel-root -->
    </div> <!-- wrapper -->
  </body>
</html>
